<?xml version="1.0" encoding="UTF-8"?>
<!-- Generated by org.testng.reporters.JUnitReportReporter -->
<testsuite hostname="DESKTOP-RHKM7B4" name="RunnerActitme.TestRunnerActitime" tests="2" failures="0" timestamp="7 Oct 2022 02:00:25 GMT" time="38.741" errors="0">
  <testcase name="runScenario" time="18.352" classname="RunnerActitme.TestRunnerActitime"/>
  <testcase name="runScenario" time="20.389" classname="RunnerActitme.TestRunnerActitime"/>
</testsuite> <!-- RunnerActitme.TestRunnerActitime -->
