<?xml version="1.0" encoding="UTF-8"?>
<!-- Generated by org.testng.reporters.JUnitReportReporter -->
<testsuite hostname="DESKTOP-RHKM7B4" name="Runner.TestRunner" tests="1" failures="0" timestamp="6 Oct 2022 02:26:16 GMT" time="9.647" errors="0">
  <testcase name="runScenario" time="9.647" classname="Runner.TestRunner"/>
</testsuite> <!-- Runner.TestRunner -->
