<?xml version="1.0" encoding="UTF-8"?>
<!-- Generated by org.testng.reporters.JUnitReportReporter -->
<testsuite hostname="Puja-DESKTOP-RHKM7B4" name="RunnerActitme.GmailRunner" tests="2" failures="0" timestamp="17 Oct 2022 17:38:11 GMT" time="90.863" errors="2">
  <testcase name="runScenario" time="69.375" classname="RunnerActitme.GmailRunner">
    <error type="org.openqa.selenium.NoSuchWindowException" message="Browsing context has been discarded
Build info: version: &#039;3.14.0&#039;, revision: &#039;aacccce0&#039;, time: &#039;2018-08-02T20:19:58.91Z&#039;
System info: host: &#039;PUJA-DESKTOP-RH&#039;, ip: &#039;192.168.43.58&#039;, os.name: &#039;Windows 11&#039;, os.arch: &#039;amd64&#039;, os.version: &#039;10.0&#039;, java.version: &#039;1.8.0_333&#039;
Driver info: org.openqa.selenium.firefox.FirefoxDriver
Capabilities {acceptInsecureCerts: true, browserName: firefox, browserVersion: 105.0.3, javascriptEnabled: true, moz:accessibilityChecks: false, moz:buildID: 20221007134813, moz:geckodriverVersion: 0.31.0, moz:headless: false, moz:platformVersion: 10.0, moz:processID: 28556, moz:profile: C:\Users\dell\AppData\Local..., moz:shutdownTimeout: 60000, moz:useNonSpecCompliantPointerOrigin: false, moz:webdriverClick: true, moz:windowless: false, pageLoadStrategy: normal, platform: WINDOWS, platformName: WINDOWS, proxy: Proxy(), setWindowRect: true, strictFileInteractability: false, timeouts: {implicit: 0, pageLoad: 300000, script: 30000}, unhandledPromptBehavior: dismiss and notify}
Session ID: 89fadcf4-f075-4394-8e6d-8931ea8c46ed
*** Element info: {Using=xpath, value=//*[@id=&quot;identifierId&quot;]}">
      <![CDATA[org.openqa.selenium.NoSuchWindowException: Browsing context has been discarded
Build info: version: '3.14.0', revision: 'aacccce0', time: '2018-08-02T20:19:58.91Z'
System info: host: 'PUJA-DESKTOP-RH', ip: '192.168.43.58', os.name: 'Windows 11', os.arch: 'amd64', os.version: '10.0', java.version: '1.8.0_333'
Driver info: org.openqa.selenium.firefox.FirefoxDriver
Capabilities {acceptInsecureCerts: true, browserName: firefox, browserVersion: 105.0.3, javascriptEnabled: true, moz:accessibilityChecks: false, moz:buildID: 20221007134813, moz:geckodriverVersion: 0.31.0, moz:headless: false, moz:platformVersion: 10.0, moz:processID: 28556, moz:profile: C:\Users\dell\AppData\Local..., moz:shutdownTimeout: 60000, moz:useNonSpecCompliantPointerOrigin: false, moz:webdriverClick: true, moz:windowless: false, pageLoadStrategy: normal, platform: WINDOWS, platformName: WINDOWS, proxy: Proxy(), setWindowRect: true, strictFileInteractability: false, timeouts: {implicit: 0, pageLoad: 300000, script: 30000}, unhandledPromptBehavior: dismiss and notify}
Session ID: 89fadcf4-f075-4394-8e6d-8931ea8c46ed
*** Element info: {Using=xpath, value=//*[@id="identifierId"]}
	at sun.reflect.NativeConstructorAccessorImpl.newInstance0(Native Method)
	at sun.reflect.NativeConstructorAccessorImpl.newInstance(NativeConstructorAccessorImpl.java:62)
	at sun.reflect.DelegatingConstructorAccessorImpl.newInstance(DelegatingConstructorAccessorImpl.java:45)
	at java.lang.reflect.Constructor.newInstance(Constructor.java:423)
	at org.openqa.selenium.remote.http.W3CHttpResponseCodec.createException(W3CHttpResponseCodec.java:187)
	at org.openqa.selenium.remote.http.W3CHttpResponseCodec.decode(W3CHttpResponseCodec.java:122)
	at org.openqa.selenium.remote.http.W3CHttpResponseCodec.decode(W3CHttpResponseCodec.java:49)
	at org.openqa.selenium.remote.HttpCommandExecutor.execute(HttpCommandExecutor.java:158)
	at org.openqa.selenium.remote.service.DriverCommandExecutor.execute(DriverCommandExecutor.java:83)
	at org.openqa.selenium.remote.RemoteWebDriver.execute(RemoteWebDriver.java:548)
	at org.openqa.selenium.remote.RemoteWebDriver.findElement(RemoteWebDriver.java:322)
	at org.openqa.selenium.remote.RemoteWebDriver.findElementByXPath(RemoteWebDriver.java:424)
	at org.openqa.selenium.By$ByXPath.findElement(By.java:353)
	at org.openqa.selenium.remote.RemoteWebDriver.findElement(RemoteWebDriver.java:314)
	at StepDefnitions.GmailStepsDef.user_enter_and(GmailStepsDef.java:25)
	at ✽.user enter mitkari.puja07@gmail.com and pujashivap7(file:///D:/JavaProgramsEcllipseNew/CucumberBDD1YouTube/src/main/java/Features/Gmail.feature:5)
]]>
    </error>
  </testcase> <!-- runScenario -->
  <testcase name="runScenario" time="21.488" classname="RunnerActitme.GmailRunner">
    <error type="org.openqa.selenium.NoSuchElementException" message="Unable to locate element: /html/body/div[1]/div[1]/div[2]/div/c-wiz/div/div[2]/div/div[1]/div/form/span/div[1]/div[1]/div/div/div/div/div[1]/div/div[1]/input
For documentation on this error, please visit: http://seleniumhq.org/exceptions/no_such_element.html
Build info: version: &#039;3.14.0&#039;, revision: &#039;aacccce0&#039;, time: &#039;2018-08-02T20:19:58.91Z&#039;
System info: host: &#039;PUJA-DESKTOP-RH&#039;, ip: &#039;192.168.43.58&#039;, os.name: &#039;Windows 11&#039;, os.arch: &#039;amd64&#039;, os.version: &#039;10.0&#039;, java.version: &#039;1.8.0_333&#039;
Driver info: org.openqa.selenium.firefox.FirefoxDriver
Capabilities {acceptInsecureCerts: true, browserName: firefox, browserVersion: 105.0.3, javascriptEnabled: true, moz:accessibilityChecks: false, moz:buildID: 20221007134813, moz:geckodriverVersion: 0.31.0, moz:headless: false, moz:platformVersion: 10.0, moz:processID: 14944, moz:profile: C:\Users\dell\AppData\Local..., moz:shutdownTimeout: 60000, moz:useNonSpecCompliantPointerOrigin: false, moz:webdriverClick: true, moz:windowless: false, pageLoadStrategy: normal, platform: WINDOWS, platformName: WINDOWS, proxy: Proxy(), setWindowRect: true, strictFileInteractability: false, timeouts: {implicit: 0, pageLoad: 300000, script: 30000}, unhandledPromptBehavior: dismiss and notify}
Session ID: 4adaf7cd-ab3a-44ca-9dee-1a54a1fba872
*** Element info: {Using=xpath, value=/html/body/div[1]/div[1]/div[2]/div/c-wiz/div/div[2]/div/div[1]/div/form/span/div[1]/div[1]/div/div/div/div/div[1]/div/div[1]/input}">
      <![CDATA[org.openqa.selenium.NoSuchElementException: Unable to locate element: /html/body/div[1]/div[1]/div[2]/div/c-wiz/div/div[2]/div/div[1]/div/form/span/div[1]/div[1]/div/div/div/div/div[1]/div/div[1]/input
For documentation on this error, please visit: http://seleniumhq.org/exceptions/no_such_element.html
Build info: version: '3.14.0', revision: 'aacccce0', time: '2018-08-02T20:19:58.91Z'
System info: host: 'PUJA-DESKTOP-RH', ip: '192.168.43.58', os.name: 'Windows 11', os.arch: 'amd64', os.version: '10.0', java.version: '1.8.0_333'
Driver info: org.openqa.selenium.firefox.FirefoxDriver
Capabilities {acceptInsecureCerts: true, browserName: firefox, browserVersion: 105.0.3, javascriptEnabled: true, moz:accessibilityChecks: false, moz:buildID: 20221007134813, moz:geckodriverVersion: 0.31.0, moz:headless: false, moz:platformVersion: 10.0, moz:processID: 14944, moz:profile: C:\Users\dell\AppData\Local..., moz:shutdownTimeout: 60000, moz:useNonSpecCompliantPointerOrigin: false, moz:webdriverClick: true, moz:windowless: false, pageLoadStrategy: normal, platform: WINDOWS, platformName: WINDOWS, proxy: Proxy(), setWindowRect: true, strictFileInteractability: false, timeouts: {implicit: 0, pageLoad: 300000, script: 30000}, unhandledPromptBehavior: dismiss and notify}
Session ID: 4adaf7cd-ab3a-44ca-9dee-1a54a1fba872
*** Element info: {Using=xpath, value=/html/body/div[1]/div[1]/div[2]/div/c-wiz/div/div[2]/div/div[1]/div/form/span/div[1]/div[1]/div/div/div/div/div[1]/div/div[1]/input}
	at sun.reflect.NativeConstructorAccessorImpl.newInstance0(Native Method)
	at sun.reflect.NativeConstructorAccessorImpl.newInstance(NativeConstructorAccessorImpl.java:62)
	at sun.reflect.DelegatingConstructorAccessorImpl.newInstance(DelegatingConstructorAccessorImpl.java:45)
	at java.lang.reflect.Constructor.newInstance(Constructor.java:423)
	at org.openqa.selenium.remote.http.W3CHttpResponseCodec.createException(W3CHttpResponseCodec.java:187)
	at org.openqa.selenium.remote.http.W3CHttpResponseCodec.decode(W3CHttpResponseCodec.java:122)
	at org.openqa.selenium.remote.http.W3CHttpResponseCodec.decode(W3CHttpResponseCodec.java:49)
	at org.openqa.selenium.remote.HttpCommandExecutor.execute(HttpCommandExecutor.java:158)
	at org.openqa.selenium.remote.service.DriverCommandExecutor.execute(DriverCommandExecutor.java:83)
	at org.openqa.selenium.remote.RemoteWebDriver.execute(RemoteWebDriver.java:548)
	at org.openqa.selenium.remote.RemoteWebDriver.findElement(RemoteWebDriver.java:322)
	at org.openqa.selenium.remote.RemoteWebDriver.findElementByXPath(RemoteWebDriver.java:424)
	at org.openqa.selenium.By$ByXPath.findElement(By.java:353)
	at org.openqa.selenium.remote.RemoteWebDriver.findElement(RemoteWebDriver.java:314)
	at StepDefnitions.GmailStepsDef.user_enter_and(GmailStepsDef.java:27)
	at ✽.user enter puja.77777@gmail.com and shivpujap(file:///D:/JavaProgramsEcllipseNew/CucumberBDD1YouTube/src/main/java/Features/Gmail.feature:5)
]]>
    </error>
  </testcase> <!-- runScenario -->
</testsuite> <!-- RunnerActitme.GmailRunner -->
